Hathway Cable & Data A 17.45 18.80 + 7.74
TV18 Broadcast A 18.25 19.65 + 7.67
SKF India A 1,346.10 1,435.00 + 6.60
J B Chemicals & Phar A 608.85 645.25 + 5.98
HDFC Life Insurance A 494.25 519.90 + 5.19
JK Tyre & Industries A 51.30 53.90 + 5.07
Security and Intelli A 344.65 362.00 + 5.03
Intellect Design A 64.25 67.45 + 4.98
Gujarat Gas A 233.95 245.60 + 4.98
Future Lifestyle A 148.55 155.95 + 4.98
Edelweiss Fin. Ser A 36.20 38.00 + 4.97
Reliance Infrastruct A 18.15 19.05 + 4.96
Future Retail L A 76.80 80.60 + 4.95
Sadbhav Engineering A 56.90 59.70 + 4.92
Future Consumer A 8.94 9.38 + 4.92
Infibeam Avenues A 46.90 49.20 + 4.90
Vakrangee A 25.65 26.90 + 4.87
Suzlon Energy Ltd. A 2.48 2.60 + 4.84
Hindustan Unilever L A 1,992.50 2,088.35 + 4.81
Colgate Palm. A 1,301.25 1,359.30 + 4.46
Dr. Reddy's Labs A 3,834.35 3,983.45 + 3.89
Nestle India A 17,132.85 17,798.10 + 3.88
Tech Mahindra Ltd. A 516.05 536.00 + 3.87
Take Solutions Ltd. A 52.00 54.00 + 3.85
Sun Pharma. A 452.30 469.00 + 3.69
Torrent Pharmac A 2,355.60 2,442.30 + 3.68
Reliance Inds. A 1,507.25 1,561.80 + 3.62
ITD Cementation Indi A 33.80 35.00 + 3.55
Voltas Ltd. A 441.75 456.65 + 3.37
Aegis Logistics Ltd. A 169.40 175.05 + 3.34
Welspun Corp A 60.80 62.80 + 3.29
SBI Life Insurance A 735.30 759.40 + 3.28
Varun Beverages Ltd. A 600.05 619.60 + 3.26
Apollo Hospitals A 1,273.45 1,314.40 + 3.22
Godrej Industries Lt A 241.95 249.40 + 3.08
Adani Gas A 104.15 107.35 + 3.07
Crisil A 1,452.05 1,496.00 + 3.03
Nippon LifeAM Ltd. A 233.75 240.75 + 2.99
Adani Transmission L A 193.25 198.90 + 2.92
Biocon A 349.65 359.20 + 2.73
Info Edge (India) A 2,592.80 2,662.00 + 2.67
Lupin Ltd. A 813.60 835.20 + 2.65
Britannia Ind. A 2,915.25 2,991.50 + 2.62
BASF India Lt A 989.25 1,015.00 + 2.60
IDFC L A 13.91 14.27 + 2.59
Godrej Consumer Prod A 486.60 499.10 + 2.57
Godrej Properties Lt A 602.00 617.40 + 2.56
MothersonSumiSystems A 75.10 77.00 + 2.53
Hatsun Agro Prod A 488.05 500.00 + 2.45
Lakshmi Machines A 2,424.65 2,482.00 + 2.37
Jindal Stainless (Hi A 43.00 44.00 + 2.33
GMR Infrastructure L A 17.20 17.60 + 2.33
Zee Entertainment En A 147.45 150.60 + 2.14
Just Dial A 335.30 342.20 + 2.06
Dilip Buildcon Ltd. A 237.70 242.45 + 2.00
Tata Consumer Produc A 341.95 348.75 + 1.99
ICICI Lombard Gen. A 1,209.45 1,233.55 + 1.99
NIIT Technologies A 1,373.80 1,401.05 + 1.98
Ashok Leyland A 46.15 47.05 + 1.95
Grindwell Norton A 502.30 512.00 + 1.93
Vinati Organics A 964.15 982.40 + 1.89
Sheela Foam A 1,363.40 1,389.00 + 1.88
Divi's Lab A 2,257.80 2,300.00 + 1.87
Birla Corporation Lt A 373.70 380.50 + 1.82
Jubilant Life Scienc A 383.45 390.30 + 1.79
Max Financial Servic A 442.45 450.35 + 1.79
Gujarat Pipavav Port A 53.35 54.30 + 1.78
Emami Ltd. A 176.85 180.00 + 1.78
Delta Corp Ltd. A 68.10 69.30 + 1.76
Castrol India A 123.30 125.45 + 1.74
UltraTech Cement A 3,251.85 3,307.75 + 1.72
Bombay Burmah A 830.05 844.30 + 1.72
Greaves Cotton A 75.45 76.75 + 1.72
Central Bank A 14.60 14.85 + 1.71
Adani Enterprises Lt A 134.90 137.20 + 1.70
Welspun India A 23.60 24.00 + 1.69
United Breweries Ltd A 874.45 889.20 + 1.69
Endurance Technologi A 607.20 617.30 + 1.66
Mahindra Holidays A 124.95 127.00 + 1.64
InterGlobe Aviation A 914.60 929.25 + 1.60
Kotak Mahindra Bank A 1,199.50 1,218.65 + 1.60
Shree Cement A 18,389.25 18,680.00 + 1.58
Lemon Tree Hotels A 16.90 17.15 + 1.48
General Ins. Corp. A 127.45 129.30 + 1.45
Infosys A 665.05 674.65 + 1.44
MindTree Ltd. A 877.95 890.25 + 1.40
Berger Paints I A 450.55 456.75 + 1.38
LIC Housing Fi A 259.85 263.35 + 1.35
Dewan Housing A 11.51 11.66 + 1.30
Omaxe Ltd. A 155.50 157.50 + 1.29
HCL Technologies A 511.80 518.30 + 1.27
Atul Ltd. A 4,604.55 4,661.00 + 1.23
Bajaj Auto Ltd. A 2,406.35 2,436.00 + 1.23
MCX A 1,107.40 1,120.15 + 1.15
Pidilite Inds. A 1,352.30 1,367.45 + 1.12
Tata Metaliks A 426.55 431.20 + 1.09
Alkem Laboratories A 2,559.70 2,587.00 + 1.07
Dabur India A 442.00 446.70 + 1.06
Solar Industries Ind A 856.85 865.90 + 1.06
Rain Industries A 66.90 67.60 + 1.05
Force Motors A 798.90 807.00 + 1.01
Jain Irrigation A 9.15 9.24 + 0.98
Westlife Development A 286.20 289.00 + 0.98
Gulf Oil Lubricants A 562.55 567.80 + 0.93
Bata India A 1,278.75 1,290.35 + 0.91
Tata Chemicals A 286.25 288.85 + 0.91
NCC A 23.25 23.45 + 0.86
Eris Lifesciences A 484.75 488.85 + 0.85
Indiabulls Real Esta A 47.65 48.05 + 0.84
Uflex Ltd. A 170.40 171.80 + 0.82
Adani Ports & Speci A 282.40 284.65 + 0.80
Indraprastha Gas Ltd A 468.30 472.00 + 0.79
Adani Green Energy A 210.30 211.90 + 0.76
Elgi Equipments A 127.05 128.00 + 0.75
PNB Housing Finance A 178.35 179.60 + 0.70
Venky's (India) Ltd. A 1,056.45 1,063.85 + 0.70
Jubilant Foodworks L A 1,544.30 1,554.90 + 0.69
Rites Ltd. A 231.90 233.45 + 0.67
Persistent Systems A 528.10 531.60 + 0.66
TTK Prestige L A 4,638.70 4,669.25 + 0.66
Karnataka Bank A 39.00 39.25 + 0.64
Aurobindo Pharma A 648.35 652.50 + 0.64
Bharat Forge A 278.05 279.80 + 0.63
BayerCropscience A 4,586.55 4,615.00 + 0.62
ICICI Pru Life A 397.85 400.10 + 0.57
Birlasoft A 71.60 72.00 + 0.56
V-Guard Ind.Ltd. A 170.30 171.20 + 0.53
Fortis Healthcare A 123.95 124.60 + 0.52
Bharti Infratel Ltd. A 172.80 173.70 + 0.52
JK Cement A 1,088.50 1,094.05 + 0.51
Ambuja Cements Ltd. A 168.55 169.35 + 0.47
Blue Dart Expres A 2,154.35 2,164.35 + 0.46
Heidelberg Cement In A 142.70 143.35 + 0.46
Advanced Enzyme Tech A 139.25 139.85 + 0.43
Sterlite Technologie A 93.00 93.40 + 0.43
HDFC Bank A 924.95 928.95 + 0.43
Bharti Airtel A 527.80 530.00 + 0.42
Cipla A 589.40 591.85 + 0.42
GHCL A 99.45 99.85 + 0.40
ONGC A 75.65 75.95 + 0.40
Indostar Capital Fin A 272.55 273.60 + 0.39
DLF Ltd. A 129.15 129.65 + 0.39
Jai Corp Ltd. A 66.20 66.45 + 0.38
Zensar Technologies A 83.50 83.80 + 0.36
Apollo Tyres A 89.70 90.00 + 0.33
Marico Ltd. A 299.05 300.00 + 0.32
Firstsource Solution A 32.55 32.65 + 0.31
ICICI Bank A 336.75 337.75 + 0.30
Jindal Saw A 50.85 51.00 + 0.29
Page Industries Ltd. A 17,040.20 17,088.25 + 0.28
WABCO India A 6,206.10 6,222.05 + 0.26
Relaxo Footwears A 600.50 602.00 + 0.25
Vodafone Idea L A 4.16 4.17 + 0.24
Jammu & Kashmir Bank A 13.01 13.04 + 0.23
Finolex Cables A 229.45 229.95 + 0.22
Sanofi India A 7,938.15 7,955.70 + 0.22
Shriram City Uni A 715.90 717.45 + 0.22
Ipca Laboratorie A 1,548.75 1,551.90 + 0.20
Astral Poly Technik A 923.80 925.45 + 0.18
Great Eastern A 222.90 223.25 + 0.16
KRBL Ltd. A 181.50 181.75 + 0.14
Grasim Inds. A 485.30 486.00 + 0.14
Thyrocare Tech. A 500.75 501.45 + 0.14
Tata Consultancy A 1,891.25 1,893.50 + 0.12
NMDC Ltd. A 73.05 73.10 + 0.07
Thermax A 701.25 701.75 + 0.07
Wockhardt Ltd. A 254.05 254.20 + 0.06
Shoppers Stop A 164.50 164.60 + 0.06
VIP Indus. A 213.95 214.05 + 0.05
Hind. Zinc A 176.25 176.30 + 0.03
ACC A 1,151.65 1,152.00 + 0.03
Havells India A 487.00 487.15 + 0.03
